Pig Stack Trace
---------------
ERROR 1025: 
<file analysing_pcap.pig, line 142, column 14> Invalid field projection. Projected field [attack_traffic_udp] does not exist in schema: group:int,attack_traffic:bag{:tuple(ts:bytearray,ip_version:int,ip_header_length:int,ip_tos:int,ip_total_length:int,ip_id:int,ip_flags:int,ip_frag_offset:int,ip_ttl:int,ip_proto:int,ip_checksum:int,ip_src:chararray,ip_dst:chararray,tcp_sport:int,tcp_dport:int,tcp_seq_id:long,tcp_ack_id:long,tcp_offset:int,tcp_ns:int,tcp_cwr:int,tcp_ece:int,tcp_urg:int,tcp_ack:int,tcp_psh:int,tcp_rst:int,tcp_syn:int,tcp_fin:int,tcp_window:int,tcp_len:int,udp_sport:int,udp_dport:int,udp_len:int,udp_checksum:chararray)}.

org.apache.pig.impl.plan.PlanValidationException: ERROR 1025: 
<file analysing_pcap.pig, line 142, column 14> Invalid field projection. Projected field [attack_traffic_udp] does not exist in schema: group:int,attack_traffic:bag{:tuple(ts:bytearray,ip_version:int,ip_header_length:int,ip_tos:int,ip_total_length:int,ip_id:int,ip_flags:int,ip_frag_offset:int,ip_ttl:int,ip_proto:int,ip_checksum:int,ip_src:chararray,ip_dst:chararray,tcp_sport:int,tcp_dport:int,tcp_seq_id:long,tcp_ack_id:long,tcp_offset:int,tcp_ns:int,tcp_cwr:int,tcp_ece:int,tcp_urg:int,tcp_ack:int,tcp_psh:int,tcp_rst:int,tcp_syn:int,tcp_fin:int,tcp_window:int,tcp_len:int,udp_sport:int,udp_dport:int,udp_len:int,udp_checksum:chararray)}.
	at org.apache.pig.newplan.logical.expression.ProjectExpression.findColNum(ProjectExpression.java:191)
	at org.apache.pig.newplan.logical.expression.ProjectExpression.setColumnNumberFromAlias(ProjectExpression.java:174)
	at org.apache.pig.newplan.logical.visitor.ColumnAliasConversionVisitor$1.visit(ColumnAliasConversionVisitor.java:53)
	at org.apache.pig.newplan.logical.expression.ProjectExpression.accept(ProjectExpression.java:215)
	at org.apache.pig.newplan.DependencyOrderWalker.walk(DependencyOrderWalker.java:75)
	at org.apache.pig.newplan.PlanVisitor.visit(PlanVisitor.java:52)
	at org.apache.pig.newplan.logical.optimizer.AllExpressionVisitor.visit(AllExpressionVisitor.java:142)
	at org.apache.pig.newplan.logical.relational.LOInnerLoad.accept(LOInnerLoad.java:128)
	at org.apache.pig.newplan.DependencyOrderWalker.walk(DependencyOrderWalker.java:75)
	at org.apache.pig.newplan.logical.optimizer.AllExpressionVisitor.visit(AllExpressionVisitor.java:124)
	at org.apache.pig.newplan.logical.relational.LOForEach.accept(LOForEach.java:87)
	at org.apache.pig.newplan.DependencyOrderWalker.walk(DependencyOrderWalker.java:75)
	at org.apache.pig.newplan.PlanVisitor.visit(PlanVisitor.java:52)
	at org.apache.pig.newplan.logical.relational.LogicalPlan.validate(LogicalPlan.java:175)
	at org.apache.pig.PigServer$Graph.compile(PigServer.java:1767)
	at org.apache.pig.PigServer$Graph.access$300(PigServer.java:1443)
	at org.apache.pig.PigServer.execute(PigServer.java:1356)
	at org.apache.pig.PigServer.executeBatch(PigServer.java:415)
	at org.apache.pig.PigServer.executeBatch(PigServer.java:398)
	at org.apache.pig.tools.grunt.GruntParser.executeBatch(GruntParser.java:171)
	at org.apache.pig.tools.grunt.GruntParser.parseStopOnError(GruntParser.java:234)
	at org.apache.pig.tools.grunt.GruntParser.parseStopOnError(GruntParser.java:205)
	at org.apache.pig.tools.grunt.Grunt.exec(Grunt.java:81)
	at org.apache.pig.Main.run(Main.java:502)
	at org.apache.pig.Main.main(Main.java:177)
================================================================================
